<?xml version="1.0" encoding="UTF-8"?>
<!-- Generated by org.testng.reporters.JUnitXMLReporter -->
<testsuite ignored="3" hostname="BT1704430" failures="0" tests="1" name="Default test" time="3.538" errors="0" timestamp="2025-05-12T03:46:47 IST">
  <testcase classname="TestCases.TC_VideoGameAPI" name="TC_GetAVideoGame" time="3.47"/>
  <testcase classname="TestCases.TC_VideoGameAPI" name="TC_addNewVideoGame" time="0.0">
    <ignored/>
  </testcase> <!-- TC_addNewVideoGame -->
  <testcase classname="TestCases.TC_VideoGameAPI" name="TC_DeleteAVideoGame" time="0.0">
    <ignored/>
  </testcase> <!-- TC_DeleteAVideoGame -->
  <testcase classname="TestCases.TC_VideoGameAPI" name="TC_GetAllVideoGames" time="0.0">
    <ignored/>
  </testcase> <!-- TC_GetAllVideoGames -->
</testsuite> <!-- Default test -->
